\BOOKMARK [0][-]{section*.1}{\315ndice general}{}% 1
\BOOKMARK [0][-]{section*.2}{\315ndice de figuras}{}% 2
\BOOKMARK [0][-]{section*.3}{\315ndice de tablas}{}% 3
\BOOKMARK [0][-]{chapter*.4}{Introducci\363n}{}% 4
\BOOKMARK [0][-]{chapter*.5}{Objetivos del proyecto}{}% 5
\BOOKMARK [1][-]{section.2.1}{Objetivos del Proyecto}{chapter*.5}% 6
\BOOKMARK [0][-]{chapter*.9}{Conceptos te\363ricos}{}% 7
\BOOKMARK [1][-]{section.3.1}{Fundamentos B\341sicos}{chapter*.9}% 8
\BOOKMARK [1][-]{section.3.2}{De c\363digo a Tiempo Computacional}{chapter*.9}% 9
\BOOKMARK [1][-]{section.3.3}{Tipos de An\341lisis}{chapter*.9}% 10
\BOOKMARK [1][-]{section.3.4}{Estructura interna}{chapter*.9}% 11
\BOOKMARK [1][-]{section.3.5}{Caso pr\341ctico de un An\341lisis}{chapter*.9}% 12
\BOOKMARK [0][-]{chapter*.21}{T\351cnicas y herramientas}{}% 13
\BOOKMARK [1][-]{section.4.1}{Metodolog\355a \301gil}{chapter*.21}% 14
\BOOKMARK [1][-]{section.4.2}{Herramienta de documentaci\363n}{chapter*.21}% 15
\BOOKMARK [1][-]{section.4.3}{Herramienta de Gesti\363n}{chapter*.21}% 16
\BOOKMARK [1][-]{section.4.4}{Herramientas Proyecto}{chapter*.21}% 17
\BOOKMARK [1][-]{section.4.5}{IDE}{chapter*.21}% 18
\BOOKMARK [0][-]{chapter*.34}{Aspectos relevantes del desarrollo del proyecto}{}% 19
\BOOKMARK [1][-]{section.5.1}{Conceptos usados aprendidos en la Universidad}{chapter*.34}% 20
\BOOKMARK [1][-]{section.5.2}{Transcurso del desarrollo}{chapter*.34}% 21
\BOOKMARK [0][-]{chapter*.42}{Trabajos relacionados}{}% 22
\BOOKMARK [0][-]{chapter*.43}{Conclusiones y L\355neas de trabajo futuras}{}% 23
\BOOKMARK [1][-]{section.7.1}{Conclusiones}{chapter*.43}% 24
\BOOKMARK [1][-]{section.7.2}{Trabajos de Futuro}{chapter*.43}% 25
